<?xml version="1.0" encoding="UTF-8"?>
<coverage generated="1766254946421" clover="3.2.0">
  <project timestamp="1766254946422" name="All files">
    <metrics statements="2" coveredstatements="2" conditionals="0" coveredconditionals="0" methods="2" coveredmethods="2" elements="4" coveredelements="4" complexity="0" loc="2" ncloc="2" packages="2" files="4" classes="4"/>
    <package name="src">
      <metrics statements="1" coveredstatements="1" conditionals="0" coveredconditionals="0" methods="1" coveredmethods="1"/>
      <file name="App.css" path="C:\Users\otaci\Documents\Codes\reactjs\react-testes\react-testes-front\src\App.css">
        <metrics statements="0" coveredstatements="0" conditionals="0" coveredconditionals="0" methods="0" coveredmethods="0"/>
      </file>
      <file name="App.tsx" path="C:\Users\otaci\Documents\Codes\reactjs\react-testes\react-testes-front\src\App.tsx">
        <metrics statements="1" coveredstatements="1" conditionals="0" coveredconditionals="0" methods="1" coveredmethods="1"/>
        <line num="5" count="3" type="stmt"/>
      </file>
    </package>
    <package name="src.Login">
      <metrics statements="1" coveredstatements="1" conditionals="0" coveredconditionals="0" methods="1" coveredmethods="1"/>
      <file name="index.tsx" path="C:\Users\otaci\Documents\Codes\reactjs\react-testes\react-testes-front\src\Login\index.tsx">
        <metrics statements="1" coveredstatements="1" conditionals="0" coveredconditionals="0" methods="1" coveredmethods="1"/>
        <line num="4" count="4" type="stmt"/>
      </file>
      <file name="styles.css" path="C:\Users\otaci\Documents\Codes\reactjs\react-testes\react-testes-front\src\Login\styles.css">
        <metrics statements="0" coveredstatements="0" conditionals="0" coveredconditionals="0" methods="0" coveredmethods="0"/>
      </file>
    </package>
  </project>
</coverage>
