{"C:\\Users\\otaci\\Documents\\Codes\\reactjs\\react-testes\\react-testes-front\\src\\Dashboard\\index.tsx": {"path":"C:\\Users\\otaci\\Documents\\Codes\\reactjs\\react-testes\\react-testes-front\\src\\Dashboard\\index.tsx","statementMap":{"0":{"start":{"line":2,"column":4},"end":{"line":5,"column":null}}},"fnMap":{"0":{"name":"Dashboard","decl":{"start":{"line":1,"column":16},"end":{"line":1,"column":28}},"loc":{"start":{"line":1,"column":28},"end":{"line":7,"column":null}},"line":1}},"branchMap":{},"s":{"0":1},"f":{"0":1},"b":{},"meta":{"lastBranch":0,"lastFunction":1,"lastStatement":1,"seen":{"f:1:16:1:28":0,"s:2:4:5:Infinity":0}}}
,"C:\\Users\\otaci\\Documents\\Codes\\reactjs\\react-testes\\react-testes-front\\src\\Login\\index.tsx": {"path":"C:\\Users\\otaci\\Documents\\Codes\\reactjs\\react-testes\\react-testes-front\\src\\Login\\index.tsx","statementMap":{"0":{"start":{"line":6,"column":10},"end":{"line":6,"column":null}},"1":{"start":{"line":9,"column":8},"end":{"line":9,"column":null}},"2":{"start":{"line":11,"column":8},"end":{"line":11,"column":null}},"3":{"start":{"line":14,"column":4},"end":{"line":36,"column":null}}},"fnMap":{"0":{"name":"Login","decl":{"start":{"line":5,"column":16},"end":{"line":5,"column":24}},"loc":{"start":{"line":5,"column":24},"end":{"line":38,"column":null}},"line":5},"1":{"name":"handleSubmit","decl":{"start":{"line":8,"column":13},"end":{"line":8,"column":26}},"loc":{"start":{"line":8,"column":44},"end":{"line":12,"column":null}},"line":8}},"branchMap":{},"s":{"0":5,"1":1,"2":1,"3":5},"f":{"0":5,"1":1},"b":{},"meta":{"lastBranch":0,"lastFunction":2,"lastStatement":4,"seen":{"f:5:16:5:24":0,"s:6:10:6:Infinity":0,"f:8:13:8:26":1,"s:9:8:9:Infinity":1,"s:11:8:11:Infinity":2,"s:14:4:36:Infinity":3}}}
,"C:\\Users\\otaci\\Documents\\Codes\\reactjs\\react-testes\\react-testes-front\\src\\Login\\styles.css": {"path":"C:\\Users\\otaci\\Documents\\Codes\\reactjs\\react-testes\\react-testes-front\\src\\Login\\styles.css","statementMap":{},"fnMap":{},"branchMap":{},"s":{},"f":{},"b":{},"meta":{"lastBranch":0,"lastFunction":0,"lastStatement":0,"seen":{}}}
,"C:\\Users\\otaci\\Documents\\Codes\\reactjs\\react-testes\\react-testes-front\\src\\Signup\\index.tsx": {"path":"C:\\Users\\otaci\\Documents\\Codes\\reactjs\\react-testes\\react-testes-front\\src\\Signup\\index.tsx","statementMap":{"0":{"start":{"line":7,"column":10},"end":{"line":7,"column":null}},"1":{"start":{"line":10,"column":8},"end":{"line":10,"column":null}},"2":{"start":{"line":12,"column":8},"end":{"line":12,"column":null}},"3":{"start":{"line":15,"column":4},"end":{"line":24,"column":null}}},"fnMap":{"0":{"name":"SignUp","decl":{"start":{"line":6,"column":16},"end":{"line":6,"column":25}},"loc":{"start":{"line":6,"column":25},"end":{"line":26,"column":null}},"line":6},"1":{"name":"handleSubmit","decl":{"start":{"line":9,"column":13},"end":{"line":9,"column":26}},"loc":{"start":{"line":9,"column":43},"end":{"line":13,"column":null}},"line":9}},"branchMap":{},"s":{"0":5,"1":1,"2":1,"3":5},"f":{"0":5,"1":1},"b":{},"meta":{"lastBranch":0,"lastFunction":2,"lastStatement":4,"seen":{"f:6:16:6:25":0,"s:7:10:7:Infinity":0,"f:9:13:9:26":1,"s:10:8:10:Infinity":1,"s:12:8:12:Infinity":2,"s:15:4:24:Infinity":3}}}
,"C:\\Users\\otaci\\Documents\\Codes\\reactjs\\react-testes\\react-testes-front\\src\\Signup\\styles.css": {"path":"C:\\Users\\otaci\\Documents\\Codes\\reactjs\\react-testes\\react-testes-front\\src\\Signup\\styles.css","statementMap":{},"fnMap":{},"branchMap":{},"s":{},"f":{},"b":{},"meta":{"lastBranch":0,"lastFunction":0,"lastStatement":0,"seen":{}}}
}
