{"C:\\Users\\otaci\\Documents\\Codes\\reactjs\\react-testes\\react-testes-front\\src\\routes.tsx": {"path":"C:\\Users\\otaci\\Documents\\Codes\\reactjs\\react-testes\\react-testes-front\\src\\routes.tsx","statementMap":{"0":{"start":{"line":11,"column":4},"end":{"line":18,"column":null}}},"fnMap":{"0":{"name":"MainRoutes","decl":{"start":{"line":10,"column":24},"end":{"line":10,"column":37}},"loc":{"start":{"line":10,"column":37},"end":{"line":20,"column":null}},"line":10}},"branchMap":{},"s":{"0":4},"f":{"0":4},"b":{},"meta":{"lastBranch":0,"lastFunction":1,"lastStatement":1,"seen":{"f:10:24:10:37":0,"s:11:4:18:Infinity":0}}}
,"C:\\Users\\otaci\\Documents\\Codes\\reactjs\\react-testes\\react-testes-front\\src\\pages\\Dashboard\\index.tsx": {"path":"C:\\Users\\otaci\\Documents\\Codes\\reactjs\\react-testes\\react-testes-front\\src\\pages\\Dashboard\\index.tsx","statementMap":{"0":{"start":{"line":13,"column":10},"end":{"line":13,"column":null}},"1":{"start":{"line":15,"column":32},"end":{"line":15,"column":null}},"2":{"start":{"line":17,"column":4},"end":{"line":22,"column":null}},"3":{"start":{"line":18,"column":8},"end":{"line":21,"column":null}},"4":{"start":{"line":19,"column":25},"end":{"line":19,"column":null}},"5":{"start":{"line":20,"column":12},"end":{"line":20,"column":null}},"6":{"start":{"line":25,"column":8},"end":{"line":25,"column":null}},"7":{"start":{"line":28,"column":4},"end":{"line":40,"column":null}},"8":{"start":{"line":33,"column":20},"end":{"line":37,"column":null}},"9":{"start":{"line":33,"column":56},"end":{"line":33,"column":null}}},"fnMap":{"0":{"name":"Dashboard","decl":{"start":{"line":12,"column":16},"end":{"line":12,"column":26}},"loc":{"start":{"line":12,"column":56},"end":{"line":42,"column":null}},"line":12},"1":{"name":"(anonymous_1)","decl":{"start":{"line":17,"column":14},"end":{"line":17,"column":20}},"loc":{"start":{"line":17,"column":20},"end":{"line":22,"column":7}},"line":17},"2":{"name":"(anonymous_2)","decl":{"start":{"line":18,"column":9},"end":{"line":18,"column":21}},"loc":{"start":{"line":18,"column":21},"end":{"line":21,"column":11}},"line":18},"3":{"name":"handleNavigateToPokemonDetail","decl":{"start":{"line":24,"column":13},"end":{"line":24,"column":43}},"loc":{"start":{"line":24,"column":55},"end":{"line":26,"column":null}},"line":24},"4":{"name":"(anonymous_4)","decl":{"start":{"line":32,"column":30},"end":{"line":32,"column":31}},"loc":{"start":{"line":33,"column":20},"end":{"line":37,"column":null}},"line":33},"5":{"name":"(anonymous_5)","decl":{"start":{"line":33,"column":50},"end":{"line":33,"column":56}},"loc":{"start":{"line":33,"column":56},"end":{"line":33,"column":null}},"line":33}},"branchMap":{},"s":{"0":9,"1":9,"2":9,"3":5,"4":5,"5":5,"6":1,"7":9,"8":8,"9":1},"f":{"0":9,"1":5,"2":5,"3":1,"4":8,"5":1},"b":{},"meta":{"lastBranch":0,"lastFunction":6,"lastStatement":10,"seen":{"f:12:16:12:26":0,"s:13:10:13:Infinity":0,"s:15:32:15:Infinity":1,"s:17:4:22:Infinity":2,"f:17:14:17:20":1,"s:18:8:21:Infinity":3,"f:18:9:18:21":2,"s:19:25:19:Infinity":4,"s:20:12:20:Infinity":5,"f:24:13:24:43":3,"s:25:8:25:Infinity":6,"s:28:4:40:Infinity":7,"f:32:30:32:31":4,"s:33:20:37:Infinity":8,"f:33:50:33:56":5,"s:33:56:33:Infinity":9}}}
,"C:\\Users\\otaci\\Documents\\Codes\\reactjs\\react-testes\\react-testes-front\\src\\pages\\Dashboard\\styles.css": {"path":"C:\\Users\\otaci\\Documents\\Codes\\reactjs\\react-testes\\react-testes-front\\src\\pages\\Dashboard\\styles.css","statementMap":{},"fnMap":{},"branchMap":{},"s":{},"f":{},"b":{},"meta":{"lastBranch":0,"lastFunction":0,"lastStatement":0,"seen":{}}}
,"C:\\Users\\otaci\\Documents\\Codes\\reactjs\\react-testes\\react-testes-front\\src\\pages\\Login\\index.tsx": {"path":"C:\\Users\\otaci\\Documents\\Codes\\reactjs\\react-testes\\react-testes-front\\src\\pages\\Login\\index.tsx","statementMap":{"0":{"start":{"line":6,"column":10},"end":{"line":6,"column":null}},"1":{"start":{"line":9,"column":8},"end":{"line":9,"column":null}},"2":{"start":{"line":11,"column":8},"end":{"line":11,"column":null}},"3":{"start":{"line":14,"column":4},"end":{"line":33,"column":null}}},"fnMap":{"0":{"name":"Login","decl":{"start":{"line":5,"column":16},"end":{"line":5,"column":24}},"loc":{"start":{"line":5,"column":24},"end":{"line":35,"column":null}},"line":5},"1":{"name":"handleSubmit","decl":{"start":{"line":8,"column":13},"end":{"line":8,"column":26}},"loc":{"start":{"line":8,"column":44},"end":{"line":12,"column":null}},"line":8}},"branchMap":{},"s":{"0":7,"1":1,"2":1,"3":7},"f":{"0":7,"1":1},"b":{},"meta":{"lastBranch":0,"lastFunction":2,"lastStatement":4,"seen":{"f:5:16:5:24":0,"s:6:10:6:Infinity":0,"f:8:13:8:26":1,"s:9:8:9:Infinity":1,"s:11:8:11:Infinity":2,"s:14:4:33:Infinity":3}}}
,"C:\\Users\\otaci\\Documents\\Codes\\reactjs\\react-testes\\react-testes-front\\src\\pages\\Login\\styles.css": {"path":"C:\\Users\\otaci\\Documents\\Codes\\reactjs\\react-testes\\react-testes-front\\src\\pages\\Login\\styles.css","statementMap":{},"fnMap":{},"branchMap":{},"s":{},"f":{},"b":{},"meta":{"lastBranch":0,"lastFunction":0,"lastStatement":0,"seen":{}}}
,"C:\\Users\\otaci\\Documents\\Codes\\reactjs\\react-testes\\react-testes-front\\src\\pages\\PokemonDetail\\index.tsx": {"path":"C:\\Users\\otaci\\Documents\\Codes\\reactjs\\react-testes\\react-testes-front\\src\\pages\\PokemonDetail\\index.tsx","statementMap":{"0":{"start":{"line":13,"column":10},"end":{"line":13,"column":null}},"1":{"start":{"line":15,"column":26},"end":{"line":15,"column":null}},"2":{"start":{"line":17,"column":30},"end":{"line":22,"column":null}},"3":{"start":{"line":24,"column":4},"end":{"line":37,"column":null}},"4":{"start":{"line":25,"column":8},"end":{"line":36,"column":null}},"5":{"start":{"line":26,"column":12},"end":{"line":26,"column":null}},"6":{"start":{"line":28,"column":12},"end":{"line":31,"column":null}},"7":{"start":{"line":29,"column":16},"end":{"line":29,"column":null}},"8":{"start":{"line":30,"column":16},"end":{"line":30,"column":null}},"9":{"start":{"line":33,"column":25},"end":{"line":33,"column":null}},"10":{"start":{"line":35,"column":12},"end":{"line":35,"column":null}},"11":{"start":{"line":38,"column":4},"end":{"line":55,"column":null}}},"fnMap":{"0":{"name":"PokemonDetail","decl":{"start":{"line":12,"column":16},"end":{"line":12,"column":30}},"loc":{"start":{"line":12,"column":62},"end":{"line":57,"column":null}},"line":12},"1":{"name":"(anonymous_1)","decl":{"start":{"line":24,"column":14},"end":{"line":24,"column":20}},"loc":{"start":{"line":24,"column":20},"end":{"line":37,"column":7}},"line":24},"2":{"name":"(anonymous_2)","decl":{"start":{"line":25,"column":9},"end":{"line":25,"column":21}},"loc":{"start":{"line":25,"column":21},"end":{"line":36,"column":11}},"line":25}},"branchMap":{"0":{"loc":{"start":{"line":28,"column":12},"end":{"line":31,"column":null}},"type":"if","locations":[{"start":{"line":28,"column":12},"end":{"line":31,"column":null}},{"start":{},"end":{}}],"line":28},"1":{"loc":{"start":{"line":28,"column":16},"end":{"line":28,"column":49}},"type":"binary-expr","locations":[{"start":{"line":28,"column":16},"end":{"line":28,"column":30}},{"start":{"line":28,"column":30},"end":{"line":28,"column":49}}],"line":28},"2":{"loc":{"start":{"line":40,"column":13},"end":{"line":45,"column":null}},"type":"binary-expr","locations":[{"start":{"line":40,"column":13},"end":{"line":40,"column":24}},{"start":{"line":40,"column":24},"end":{"line":40,"column":null}},{"start":{"line":41,"column":16},"end":{"line":45,"column":null}}],"line":40},"3":{"loc":{"start":{"line":47,"column":13},"end":{"line":50,"column":null}},"type":"binary-expr","locations":[{"start":{"line":47,"column":13},"end":{"line":47,"column":null}},{"start":{"line":48,"column":16},"end":{"line":50,"column":null}}],"line":47}},"s":{"0":6,"1":6,"2":6,"3":6,"4":3,"5":3,"6":3,"7":1,"8":1,"9":2,"10":2,"11":6},"f":{"0":6,"1":3,"2":3},"b":{"0":[1,2],"1":[3,3],"2":[6,6,5],"3":[6,1]},"meta":{"lastBranch":4,"lastFunction":3,"lastStatement":12,"seen":{"f:12:16:12:30":0,"s:13:10:13:Infinity":0,"s:15:26:15:Infinity":1,"s:17:30:22:Infinity":2,"s:24:4:37:Infinity":3,"f:24:14:24:20":1,"s:25:8:36:Infinity":4,"f:25:9:25:21":2,"s:26:12:26:Infinity":5,"b:28:12:31:Infinity:undefined:undefined:undefined:undefined":0,"s:28:12:31:Infinity":6,"b:28:16:28:30:28:30:28:49":1,"s:29:16:29:Infinity":7,"s:30:16:30:Infinity":8,"s:33:25:33:Infinity":9,"s:35:12:35:Infinity":10,"s:38:4:55:Infinity":11,"b:40:13:40:24:40:24:40:Infinity:41:16:45:Infinity":2,"b:47:13:47:Infinity:48:16:50:Infinity":3}}}
,"C:\\Users\\otaci\\Documents\\Codes\\reactjs\\react-testes\\react-testes-front\\src\\pages\\PokemonDetail\\styles.css": {"path":"C:\\Users\\otaci\\Documents\\Codes\\reactjs\\react-testes\\react-testes-front\\src\\pages\\PokemonDetail\\styles.css","statementMap":{},"fnMap":{},"branchMap":{},"s":{},"f":{},"b":{},"meta":{"lastBranch":0,"lastFunction":0,"lastStatement":0,"seen":{}}}
,"C:\\Users\\otaci\\Documents\\Codes\\reactjs\\react-testes\\react-testes-front\\src\\pages\\Signup\\index.tsx": {"path":"C:\\Users\\otaci\\Documents\\Codes\\reactjs\\react-testes\\react-testes-front\\src\\pages\\Signup\\index.tsx","statementMap":{"0":{"start":{"line":7,"column":10},"end":{"line":7,"column":null}},"1":{"start":{"line":10,"column":8},"end":{"line":10,"column":null}},"2":{"start":{"line":12,"column":8},"end":{"line":12,"column":null}},"3":{"start":{"line":15,"column":4},"end":{"line":25,"column":null}}},"fnMap":{"0":{"name":"SignUp","decl":{"start":{"line":6,"column":16},"end":{"line":6,"column":25}},"loc":{"start":{"line":6,"column":25},"end":{"line":27,"column":null}},"line":6},"1":{"name":"handleSubmit","decl":{"start":{"line":9,"column":13},"end":{"line":9,"column":26}},"loc":{"start":{"line":9,"column":43},"end":{"line":13,"column":null}},"line":9}},"branchMap":{},"s":{"0":7,"1":1,"2":1,"3":7},"f":{"0":7,"1":1},"b":{},"meta":{"lastBranch":0,"lastFunction":2,"lastStatement":4,"seen":{"f:6:16:6:25":0,"s:7:10:7:Infinity":0,"f:9:13:9:26":1,"s:10:8:10:Infinity":1,"s:12:8:12:Infinity":2,"s:15:4:25:Infinity":3}}}
,"C:\\Users\\otaci\\Documents\\Codes\\reactjs\\react-testes\\react-testes-front\\src\\pages\\Signup\\styles.css": {"path":"C:\\Users\\otaci\\Documents\\Codes\\reactjs\\react-testes\\react-testes-front\\src\\pages\\Signup\\styles.css","statementMap":{},"fnMap":{},"branchMap":{},"s":{},"f":{},"b":{},"meta":{"lastBranch":0,"lastFunction":0,"lastStatement":0,"seen":{}}}
,"C:\\Users\\otaci\\Documents\\Codes\\reactjs\\react-testes\\react-testes-front\\src\\services\\PokemonService.ts": {"path":"C:\\Users\\otaci\\Documents\\Codes\\reactjs\\react-testes\\react-testes-front\\src\\services\\PokemonService.ts","statementMap":{"0":{"start":{"line":3,"column":17},"end":{"line":3,"column":null}},"1":{"start":{"line":6,"column":21},"end":{"line":6,"column":null}},"2":{"start":{"line":7,"column":4},"end":{"line":7,"column":null}},"3":{"start":{"line":11,"column":21},"end":{"line":11,"column":null}},"4":{"start":{"line":12,"column":4},"end":{"line":12,"column":null}}},"fnMap":{"0":{"name":"fetchPokemonList","decl":{"start":{"line":5,"column":22},"end":{"line":5,"column":65}},"loc":{"start":{"line":5,"column":65},"end":{"line":8,"column":null}},"line":5},"1":{"name":"fetchPokemonDetail","decl":{"start":{"line":10,"column":22},"end":{"line":10,"column":41}},"loc":{"start":{"line":10,"column":75},"end":{"line":13,"column":null}},"line":10}},"branchMap":{},"s":{"0":4,"1":2,"2":2,"3":1,"4":1},"f":{"0":2,"1":1},"b":{},"meta":{"lastBranch":0,"lastFunction":2,"lastStatement":5,"seen":{"s:3:17:3:Infinity":0,"f:5:22:5:65":0,"s:6:21:6:Infinity":1,"s:7:4:7:Infinity":2,"f:10:22:10:41":1,"s:11:21:11:Infinity":3,"s:12:4:12:Infinity":4}}}
,"C:\\Users\\otaci\\Documents\\Codes\\reactjs\\react-testes\\react-testes-front\\src\\types\\PokemonType.ts": {"path":"C:\\Users\\otaci\\Documents\\Codes\\reactjs\\react-testes\\react-testes-front\\src\\types\\PokemonType.ts","statementMap":{},"fnMap":{},"branchMap":{},"s":{},"f":{},"b":{},"meta":{"lastBranch":0,"lastFunction":0,"lastStatement":0,"seen":{}}}
}
